[debug] [2023-05-01T05:13:11.966Z] ----------------------------------------------------------------------
[debug] [2023-05-01T05:13:11.968Z] Command:       C:\Program Files\nodejs\node.exe C:\Users\ASUS\AppData\Roaming\npm\node_modules\firebase-tools\lib\bin\firebase.js init
[debug] [2023-05-01T05:13:11.968Z] CLI Version:   11.29.1
[debug] [2023-05-01T05:13:11.968Z] Platform:      win32
[debug] [2023-05-01T05:13:11.968Z] Node Version:  v18.12.1
[debug] [2023-05-01T05:13:11.969Z] Time:          Mon May 01 2023 10:43:11 GMT+0530 (India Standard Time)
[debug] [2023-05-01T05:13:11.969Z] ----------------------------------------------------------------------
[debug] 
[debug] [2023-05-01T05:13:12.026Z] > command requires scopes: ["email","openid","https://www.googleapis.com/auth/cloudplatformprojects.readonly","https://www.googleapis.com/auth/firebase","https://www.googleapis.com/auth/cloud-platform"]
[debug] [2023-05-01T05:13:12.026Z] > authorizing via signed-in user (mohitkir0029@gmail.com)
[info] 
     ######## #### ########  ######## ########     ###     ######  ########
     ##        ##  ##     ## ##       ##     ##  ##   ##  ##       ##
     ######    ##  ########  ######   ########  #########  ######  ######
     ##        ##  ##    ##  ##       ##     ## ##     ##       ## ##
     ##       #### ##     ## ######## ########  ##     ##  ######  ########

You're about to initialize a Firebase project in this directory:

  C:\Users\ASUS\OneDrive\Desktop\catalize2

Before we get started, keep in mind:

  * You are initializing within an existing Firebase project directory

[info] 
=== Project Setup
[info] 
[info] First, let's associate this project directory with a Firebase project.
[info] You can create multiple project aliases by running firebase use --add, 
[info] but for now we'll just set up a default project.
[info] 
[debug] [2023-05-01T05:13:17.708Z] Using project from CLI flag: catalyze-6d8da
[debug] [2023-05-01T05:13:17.709Z] >>> [apiv2][query] GET https://firebase.googleapis.com/v1beta1/projects/catalyze-6d8da [none]
[debug] [2023-05-01T05:13:19.213Z] <<< [apiv2][status] GET https://firebase.googleapis.com/v1beta1/projects/catalyze-6d8da 200
[debug] [2023-05-01T05:13:19.213Z] <<< [apiv2][body] GET https://firebase.googleapis.com/v1beta1/projects/catalyze-6d8da {"projectId":"catalyze-6d8da","projectNumber":"939495781714","displayName":"Catalyze","name":"projects/catalyze-6d8da","resources":{"hostingSite":"catalyze-6d8da"},"state":"ACTIVE","etag":"1_23867dbc-cd75-47dc-afce-a71764adc427"}
[info] i  Using project catalyze-6d8da (Catalyze) 
[info] 
=== Hosting Setup
[info] 
[info] Your public directory is the folder (relative to your project directory) that
[info] will contain Hosting assets to be uploaded with firebase deploy. If you
[info] have a build process for your assets, use your build's output directory.
[info] 
[debug] [2023-05-01T05:13:54.313Z] >>> [apiv2][query] GET https://www.gstatic.com/firebasejs/releases.json [none]
[debug] [2023-05-01T05:13:55.137Z] <<< [apiv2][status] GET https://www.gstatic.com/firebasejs/releases.json 200
[debug] [2023-05-01T05:13:55.137Z] <<< [apiv2][body] GET https://www.gstatic.com/firebasejs/releases.json {"current":{"version":"9.21.0","browserURL":"https://www.gstatic.com/firebasejs/9.21.0/firebase.js","packageURL":"https://www.gstatic.com/firebasejs/9.21.0/firebase.tgz"},"live":{"version":"9.21","browserURL":"https://www.gstatic.com/firebasejs/live/9.21/firebase.js","packageURL":"https://www.gstatic.com/firebasejs/live/9.21/firebase.tgz"},"components":{"analytics":"https://www.gstatic.com/firebasejs/9.21.0/firebase-analytics.js","app":"https://www.gstatic.com/firebasejs/9.21.0/firebase-app.js","app-check":"https://www.gstatic.com/firebasejs/9.21.0/firebase-app-check.js","auth":"https://www.gstatic.com/firebasejs/9.21.0/firebase-auth.js","auth/cordova":"https://www.gstatic.com/firebasejs/9.21.0/firebase-auth/cordova.js","auth/react-native":"https://www.gstatic.com/firebasejs/9.21.0/firebase-auth/react-native.js","functions":"https://www.gstatic.com/firebasejs/9.21.0/firebase-functions.js","firestore":"https://www.gstatic.com/firebasejs/9.21.0/firebase-firestore.js","firestore/lite":"https://www.gstatic.com/firebasejs/9.21.0/firebase-firestore/lite.js","installations":"https://www.gstatic.com/firebasejs/9.21.0/firebase-installations.js","storage":"https://www.gstatic.com/firebasejs/9.21.0/firebase-storage.js","performance":"https://www.gstatic.com/firebasejs/9.21.0/firebase-performance.js","remote-config":"https://www.gstatic.com/firebasejs/9.21.0/firebase-remote-config.js","messaging":"https://www.gstatic.com/firebasejs/9.21.0/firebase-messaging.js","messaging/sw":"https://www.gstatic.com/firebasejs/9.21.0/firebase-messaging/sw.js","database":"https://www.gstatic.com/firebasejs/9.21.0/firebase-database.js","firestore.memory":"https://www.gstatic.com/firebasejs/9.21.0/firebase-firestore.memory.js"}}
[info] +  Wrote firebase use --add/index.html 
[info] 
[info] i  Detected a .git folder at C:\Users\ASUS\OneDrive\Desktop\catalize2 
[info] i  Authorizing with GitHub to upload your service account to a GitHub repository's secrets store. 
[info] 
[info] Visit this URL on this device to log in:
[info] https://github.com/login/oauth/authorize?client_id=89cf50f02ac6aaed3484&state=337096432&redirect_uri=http%3A%2F%2Flocalhost%3A9005&scope=read%3Auser%20repo%20public_repo
[info] 
[info] Waiting for authentication...
[debug] [2023-05-01T05:13:58.124Z] >>> [apiv2][query] POST https://github.com/login/oauth/access_token [none]
[debug] [2023-05-01T05:13:58.124Z] >>> [apiv2][body] POST https://github.com/login/oauth/access_token [stream]
[debug] [2023-05-01T05:13:59.349Z] <<< [apiv2][status] POST https://github.com/login/oauth/access_token 200
[debug] [2023-05-01T05:13:59.349Z] <<< [apiv2][body] POST https://github.com/login/oauth/access_token {"access_token":"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","token_type":"bearer","scope":"read:user,repo"}
[debug] [2023-05-01T05:13:59.356Z] >>> [apiv2][query] GET https://api.github.com/user [none]
[debug] [2023-05-01T05:14:00.576Z] <<< [apiv2][status] GET https://api.github.com/user 200
[debug] [2023-05-01T05:14:00.576Z] <<< [apiv2][body] GET https://api.github.com/user {"login":"mk0029","id":117079472,"node_id":"U_kgDOBvp9sA","avatar_url":"https://avatars.githubusercontent.com/u/117079472?v=4","gravatar_id":"","url":"https://api.github.com/users/mk0029","html_url":"https://github.com/mk0029","followers_url":"https://api.github.com/users/mk0029/followers","following_url":"https://api.github.com/users/mk0029/following{/other_user}","gists_url":"https://api.github.com/users/mk0029/gists{/gist_id}","starred_url":"https://api.github.com/users/mk0029/starred{/owner}{/repo}","subscriptions_url":"https://api.github.com/users/mk0029/subscriptions","organizations_url":"https://api.github.com/users/mk0029/orgs","repos_url":"https://api.github.com/users/mk0029/repos","events_url":"https://api.github.com/users/mk0029/events{/privacy}","received_events_url":"https://api.github.com/users/mk0029/received_events","type":"User","site_admin":false,"name":"Mohit Kumar","company":null,"blog":"","location":null,"email":null,"hireable":null,"bio":null,"twitter_username":null,"public_repos":11,"public_gists":0,"followers":0,"following":0,"created_at":"2022-10-31T10:25:40Z","updated_at":"2023-04-13T04:07:50Z","private_gists":0,"total_private_repos":4,"owned_private_repos":4,"disk_usage":114422,"collaborators":1,"two_factor_authentication":false,"plan":{"name":"free","space":976562499,"collaborators":0,"private_repos":10000}}
[info] 
[info] +  Success! Logged into GitHub as mk0029 
[info] 
[debug] [2023-05-01T05:14:51.713Z] >>> [apiv2][query] GET https://api.github.com/repos/cls/actions/secrets/public-key type=owner
[debug] [2023-05-01T05:14:52.583Z] <<< [apiv2][status] GET https://api.github.com/repos/cls/actions/secrets/public-key 404
[debug] [2023-05-01T05:14:52.583Z] <<< [apiv2][body] GET https://api.github.com/repos/cls/actions/secrets/public-key {"message":"Not Found","documentation_url":"https://docs.github.com/rest"}
[info] 
[info] 
[error] !  The provided authorization cannot be used with this repository. If this repository is in an organization, did you remember to grant access? 
[info] 
[info] i  Action required: Visit this URL to ensure access has been granted to the appropriate organization(s) for the Firebase CLI GitHub OAuth App: 
[info] https://github.com/settings/connections/applications/89cf50f02ac6aaed3484
[info] 
